0 info it worked if it ends with ok
1 verbose cli [ '/usr/bin/node', '/usr/bin/npm', 'start' ]
2 info using npm@6.11.3
3 info using node@v10.17.0
4 verbose stack Error: missing script: start
4 verbose stack     at run (/usr/lib/node_modules/npm/lib/run-script.js:155:19)
4 verbose stack     at /usr/lib/node_modules/npm/lib/run-script.js:63:5
4 verbose stack     at /usr/lib/node_modules/npm/node_modules/read-package-json/read-json.js:116:5
4 verbose stack     at /usr/lib/node_modules/npm/node_modules/read-package-json/read-json.js:435:5
4 verbose stack     at checkBinReferences_ (/usr/lib/node_modules/npm/node_modules/read-package-json/read-json.js:391:45)
4 verbose stack     at final (/usr/lib/node_modules/npm/node_modules/read-package-json/read-json.js:433:3)
4 verbose stack     at then (/usr/lib/node_modules/npm/node_modules/read-package-json/read-json.js:161:5)
4 verbose stack     at /usr/lib/node_modules/npm/node_modules/read-package-json/read-json.js:382:12
4 verbose stack     at /usr/lib/node_modules/npm/node_modules/graceful-fs/graceful-fs.js:115:16
4 verbose stack     at FSReqWrap.readFileAfterClose [as oncomplete] (internal/fs/read_file_context.js:53:3)
5 verbose cwd /home/ubuntu/bre_brems
6 verbose Linux 4.15.0-1051-aws
7 verbose argv "/usr/bin/node" "/usr/bin/npm" "start"
8 verbose node v10.17.0
9 verbose npm  v6.11.3
10 error missing script: start
11 verbose exit [ 1, true ]
